<?xml version="1.0" encoding="UTF-8"?>
<testsuite xmlns:xsi="http://www.w3.org/2001/XMLSchema-instance" xsi:noNamespaceSchemaLocation="https://maven.apache.org/surefire/maven-surefire-plugin/xsd/surefire-test-report-3.0.xsd" version="3.0" name="com.connect4.GameTest" time="0.143" tests="17" errors="0" skipped="3" failures="0">
  <properties>
    <property name="java.specification.version" value="21"/>
    <property name="sun.cpu.isalist" value="amd64"/>
    <property name="sun.jnu.encoding" value="Cp1250"/>
    <property name="java.class.path" value="D:\connect4game\target\test-classes;D:\connect4game\target\classes;C:\Users\Szynx\.m2\repository\org\junit\jupiter\junit-jupiter-api\5.10.0\junit-jupiter-api-5.10.0.jar;C:\Users\Szynx\.m2\repository\org\opentest4j\opentest4j\1.3.0\opentest4j-1.3.0.jar;C:\Users\Szynx\.m2\repository\org\junit\platform\junit-platform-commons\1.10.0\junit-platform-commons-1.10.0.jar;C:\Users\Szynx\.m2\repository\org\apiguardian\apiguardian-api\1.1.2\apiguardian-api-1.1.2.jar;C:\Users\Szynx\.m2\repository\org\junit\jupiter\junit-jupiter-engine\5.10.0\junit-jupiter-engine-5.10.0.jar;C:\Users\Szynx\.m2\repository\org\junit\platform\junit-platform-engine\1.10.0\junit-platform-engine-1.10.0.jar;C:\Users\Szynx\.m2\repository\junit\junit\4.13.2\junit-4.13.2.jar;C:\Users\Szynx\.m2\repository\org\hamcrest\hamcrest-core\1.3\hamcrest-core-1.3.jar;C:\Users\Szynx\.m2\repository\org\mockito\mockito-core\5.5.0\mockito-core-5.5.0.jar;C:\Users\Szynx\.m2\repository\net\bytebuddy\byte-buddy\1.14.6\byte-buddy-1.14.6.jar;C:\Users\Szynx\.m2\repository\net\bytebuddy\byte-buddy-agent\1.14.6\byte-buddy-agent-1.14.6.jar;C:\Users\Szynx\.m2\repository\org\objenesis\objenesis\3.3\objenesis-3.3.jar;C:\Users\Szynx\.m2\repository\ch\qos\logback\logback-classic\1.4.11\logback-classic-1.4.11.jar;C:\Users\Szynx\.m2\repository\ch\qos\logback\logback-core\1.4.11\logback-core-1.4.11.jar;C:\Users\Szynx\.m2\repository\org\slf4j\slf4j-api\2.0.7\slf4j-api-2.0.7.jar;"/>
    <property name="java.vm.vendor" value="Oracle Corporation"/>
    <property name="sun.arch.data.model" value="64"/>
    <property name="user.variant" value=""/>
    <property name="java.vendor.url" value="https://java.oracle.com/"/>
    <property name="user.timezone" value="Europe/Budapest"/>
    <property name="os.name" value="Windows 11"/>
    <property name="java.vm.specification.version" value="21"/>
    <property name="sun.java.launcher" value="SUN_STANDARD"/>
    <property name="user.country" value="HU"/>
    <property name="sun.boot.library.path" value="C:\Program Files\Java\jdk-21\bin"/>
    <property name="sun.java.command" value="C:\Users\Szynx\AppData\Local\Temp\surefire12101575839469273886\surefirebooter13777424827562391093.jar C:\Users\Szynx\AppData\Local\Temp\surefire12101575839469273886 2024-10-18T13-15-19_448-jvmRun1 surefire16064304761062862694tmp surefire_015811022444626801533tmp"/>
    <property name="jdk.debug" value="release"/>
    <property name="surefire.test.class.path" value="D:\connect4game\target\test-classes;D:\connect4game\target\classes;C:\Users\Szynx\.m2\repository\org\junit\jupiter\junit-jupiter-api\5.10.0\junit-jupiter-api-5.10.0.jar;C:\Users\Szynx\.m2\repository\org\opentest4j\opentest4j\1.3.0\opentest4j-1.3.0.jar;C:\Users\Szynx\.m2\repository\org\junit\platform\junit-platform-commons\1.10.0\junit-platform-commons-1.10.0.jar;C:\Users\Szynx\.m2\repository\org\apiguardian\apiguardian-api\1.1.2\apiguardian-api-1.1.2.jar;C:\Users\Szynx\.m2\repository\org\junit\jupiter\junit-jupiter-engine\5.10.0\junit-jupiter-engine-5.10.0.jar;C:\Users\Szynx\.m2\repository\org\junit\platform\junit-platform-engine\1.10.0\junit-platform-engine-1.10.0.jar;C:\Users\Szynx\.m2\repository\junit\junit\4.13.2\junit-4.13.2.jar;C:\Users\Szynx\.m2\repository\org\hamcrest\hamcrest-core\1.3\hamcrest-core-1.3.jar;C:\Users\Szynx\.m2\repository\org\mockito\mockito-core\5.5.0\mockito-core-5.5.0.jar;C:\Users\Szynx\.m2\repository\net\bytebuddy\byte-buddy\1.14.6\byte-buddy-1.14.6.jar;C:\Users\Szynx\.m2\repository\net\bytebuddy\byte-buddy-agent\1.14.6\byte-buddy-agent-1.14.6.jar;C:\Users\Szynx\.m2\repository\org\objenesis\objenesis\3.3\objenesis-3.3.jar;C:\Users\Szynx\.m2\repository\ch\qos\logback\logback-classic\1.4.11\logback-classic-1.4.11.jar;C:\Users\Szynx\.m2\repository\ch\qos\logback\logback-core\1.4.11\logback-core-1.4.11.jar;C:\Users\Szynx\.m2\repository\org\slf4j\slf4j-api\2.0.7\slf4j-api-2.0.7.jar;"/>
    <property name="sun.cpu.endian" value="little"/>
    <property name="user.home" value="C:\Users\Szynx"/>
    <property name="user.language" value="hu"/>
    <property name="java.specification.vendor" value="Oracle Corporation"/>
    <property name="java.version.date" value="2024-07-16"/>
    <property name="java.home" value="C:\Program Files\Java\jdk-21"/>
    <property name="file.separator" value="\"/>
    <property name="basedir" value="D:\connect4game"/>
    <property name="java.vm.compressedOopsMode" value="Zero based"/>
    <property name="line.separator" value="&#10;"/>
    <property name="java.vm.specification.vendor" value="Oracle Corporation"/>
    <property name="java.specification.name" value="Java Platform API Specification"/>
    <property name="surefire.real.class.path" value="C:\Users\Szynx\AppData\Local\Temp\surefire12101575839469273886\surefirebooter13777424827562391093.jar"/>
    <property name="user.script" value=""/>
    <property name="sun.management.compiler" value="HotSpot 64-Bit Tiered Compilers"/>
    <property name="java.runtime.version" value="21.0.4+8-LTS-274"/>
    <property name="user.name" value="Szynx"/>
    <property name="stdout.encoding" value="Cp1250"/>
    <property name="path.separator" value=";"/>
    <property name="os.version" value="10.0"/>
    <property name="java.runtime.name" value="Java(TM) SE Runtime Environment"/>
    <property name="file.encoding" value="UTF-8"/>
    <property name="java.vm.name" value="Java HotSpot(TM) 64-Bit Server VM"/>
    <property name="localRepository" value="C:\Users\Szynx\.m2\repository"/>
    <property name="java.vendor.url.bug" value="https://bugreport.java.com/bugreport/"/>
    <property name="java.io.tmpdir" value="C:\Users\Szynx\AppData\Local\Temp\"/>
    <property name="idea.version" value="2024.2.1"/>
    <property name="java.version" value="21.0.4"/>
    <property name="user.dir" value="D:\connect4game"/>
    <property name="os.arch" value="amd64"/>
    <property name="java.vm.specification.name" value="Java Virtual Machine Specification"/>
    <property name="sun.os.patch.level" value=""/>
    <property name="native.encoding" value="Cp1250"/>
    <property name="java.library.path" value="C:\Program Files\Java\jdk-21\bin;C:\Windows\Sun\Java\bin;C:\Windows\system32;C:\Windows;C:\Program Files\Common Files\Oracle\Java\javapath;C:\Program Files (x86)\Common Files\Oracle\Java\javapath;C:\Windows\system32;C:\Windows;C:\Windows\System32\Wbem;C:\Windows\System32\WindowsPowerShell\v1.0\;C:\Windows\System32\OpenSSH\;C:\ProgramData\chocolatey\bin;C:\Program Files\Git\cmd;C:\Program Files\Apache\maven\apache-maven-3.9.9\bin;C:\Users\Szynx\AppData\Local\Microsoft\WindowsApps;D:\IntelliJ IDEA Community Edition 2024.2.1\bin;;C:\Users\Szynx\AppData\Local\GitHubDesktop\bin;."/>
    <property name="java.vm.info" value="mixed mode, sharing"/>
    <property name="stderr.encoding" value="Cp1250"/>
    <property name="java.vendor" value="Oracle Corporation"/>
    <property name="java.vm.version" value="21.0.4+8-LTS-274"/>
    <property name="sun.io.unicode.encoding" value="UnicodeLittle"/>
    <property name="java.class.version" value="65.0"/>
  </properties>
  <testcase name="testAIPlayerMove" classname="com.connect4.GameTest" time="0.048"/>
  <testcase name="testStartGameWithAI" classname="com.connect4.GameTest" time="0">
    <skipped message="Ez a teszt jelenleg nem futtatható a read-only állapot miatt."/>
  </testcase>
  <testcase name="testInvalidMove" classname="com.connect4.GameTest" time="0.005"/>
  <testcase name="testWinningCondition" classname="com.connect4.GameTest" time="0"/>
  <testcase name="testAIWin" classname="com.connect4.GameTest" time="0.005"/>
  <testcase name="testDraw" classname="com.connect4.GameTest" time="0">
    <skipped message="public void com.connect4.GameTest.testDraw() is @Disabled"/>
  </testcase>
  <testcase name="testMainMethod" classname="com.connect4.GameTest" time="0.016">
    <system-out><![CDATA[Adja meg az első játékos nevét:
Adja meg a második játékos nevét (ha gép, írjon 'Gép'): 
Kérjük, adja meg a fájl nevét (ha nem akar fájlt betölteni, csak nyomjon Entert):
A játék kezdődik!
Tábla:
. . . . . . . 
. . . . . . . 
. . . . . . . 
. . . . . . . 
. . . . . . . 
. . . . . . . 
Player1 lépése (oszlop: 0-6):
Nincs több bemenet a játékos lépéséhez.
Mentse a játék állását (írd be a fájl nevét, ha nem akar menteni, csak nyomjon Entert):
]]></system-out>
  </testcase>
  <testcase name="testGameInitialization" classname="com.connect4.GameTest" time="0.003"/>
  <testcase name="testValidColumnInput" classname="com.connect4.GameTest" time="0.006"/>
  <testcase name="testGameEndsWithAIWinning" classname="com.connect4.GameTest" time="0.008">
    <system-out><![CDATA[A játék kezdődik!
Tábla:
. . . . . . . 
. . . . . . . 
. . . . . . . 
. . . . . . . 
. . . . . . . 
. . . . . . . 
Player 1 lépése (oszlop: 0-6):
Tábla:
. . . . . . . 
. . . . . . . 
. . . . . . . 
. . . . . . . 
. . . . . . . 
X . . . . . . 
Player 2 lépése (oszlop: 0-6):
Tábla:
. . . . . . . 
. . . . . . . 
. . . . . . . 
. . . . . . . 
O . . . . . . 
X . . . . . . 
Player 1 lépése (oszlop: 0-6):
Tábla:
. . . . . . . 
. . . . . . . 
. . . . . . . 
. . . . . . . 
O . . . . . . 
X X . . . . . 
Player 2 lépése (oszlop: 0-6):
Tábla:
. . . . . . . 
. . . . . . . 
. . . . . . . 
. . . . . . . 
O O . . . . . 
X X . . . . . 
Player 1 lépése (oszlop: 0-6):
Tábla:
. . . . . . . 
. . . . . . . 
. . . . . . . 
. . . . . . . 
O O . . . . . 
X X X . . . . 
Player 2 lépése (oszlop: 0-6):
Tábla:
. . . . . . . 
. . . . . . . 
. . . . . . . 
. . . . . . . 
O O O . . . . 
X X X . . . . 
Player 1 lépése (oszlop: 0-6):
Tábla:
. . . . . . . 
. . . . . . . 
. . . . . . . 
. . . . . . . 
O O O . . . . 
X X X X . . . 
Player 1 nyert!
]]></system-out>
  </testcase>
  <testcase name="testStartGameWithHumanVsHuman" classname="com.connect4.GameTest" time="0">
    <skipped message="public void com.connect4.GameTest.testStartGameWithHumanVsHuman() is @Disabled"/>
  </testcase>
  <testcase name="testInvalidColumnInput" classname="com.connect4.GameTest" time="0.005"/>
  <testcase name="testDrawCondition" classname="com.connect4.GameTest" time="0.004"/>
  <testcase name="testPlayer1Win" classname="com.connect4.GameTest" time="0.005"/>
  <testcase name="testGameEndsWhenPlayerWins" classname="com.connect4.GameTest" time="0.005">
    <system-out><![CDATA[A játék kezdődik!
Tábla:
. . . . . . . 
. . . . . . . 
. . . . . . . 
. . . . . . . 
. . . . . . . 
. . . . . . . 
Player 1 lépése (oszlop: 0-6):
Tábla:
. . . . . . . 
. . . . . . . 
. . . . . . . 
. . . . . . . 
. . . . . . . 
X . . . . . . 
Player 2 lépése (oszlop: 0-6):
Tábla:
. . . . . . . 
. . . . . . . 
. . . . . . . 
. . . . . . . 
O . . . . . . 
X . . . . . . 
Player 1 lépése (oszlop: 0-6):
Tábla:
. . . . . . . 
. . . . . . . 
. . . . . . . 
. . . . . . . 
O . . . . . . 
X X . . . . . 
Player 2 lépése (oszlop: 0-6):
Tábla:
. . . . . . . 
. . . . . . . 
. . . . . . . 
. . . . . . . 
O O . . . . . 
X X . . . . . 
Player 1 lépése (oszlop: 0-6):
Tábla:
. . . . . . . 
. . . . . . . 
. . . . . . . 
. . . . . . . 
O O . . . . . 
X X X . . . . 
Player 2 lépése (oszlop: 0-6):
Tábla:
. . . . . . . 
. . . . . . . 
. . . . . . . 
O . . . . . . 
O O . . . . . 
X X X . . . . 
Player 1 lépése (oszlop: 0-6):
Tábla:
. . . . . . . 
. . . . . . . 
. . . . . . . 
O . . . . . . 
O O . . . . . 
X X X X . . . 
Player 1 nyert!
]]></system-out>
  </testcase>
  <testcase name="testLoadGameFromFile" classname="com.connect4.GameTest" time="0.011"/>
  <testcase name="testSaveGameToFile" classname="com.connect4.GameTest" time="0"/>
</testsuite>